srun: Job step aborted: Waiting up to 32 seconds for job step to finish.
slurmstepd: error: *** STEP 71674.0 ON scholar-a012 CANCELLED AT 2021-04-12T03:15:29 DUE TO TIME LIMIT ***
slurmstepd: error: *** JOB 71674 ON scholar-a012 CANCELLED AT 2021-04-12T03:15:29 DUE TO TIME LIMIT ***
