srun: Job step aborted: Waiting up to 32 seconds for job step to finish.
slurmstepd: error: *** STEP 86037.0 ON scholar-a003 CANCELLED AT 2021-05-09T17:40:31 DUE TO TIME LIMIT ***
slurmstepd: error: *** JOB 86037 ON scholar-a003 CANCELLED AT 2021-05-09T17:40:31 DUE TO TIME LIMIT ***
